<?xml version="1.0" encoding="UTF-8"?>
<!-- Generated by org.testng.reporters.JUnitXMLReporter -->
<testsuite ignored="0" hostname="prachidhanotiya" failures="1" tests="8" name="FREE CRP App Test Cases" time="185.355" errors="0" timestamp="2022-10-16T22:43:27 IST">
  <testcase classname="com.crm.qa.testcases.LoginPageTest" name="loginPageTitleTest" time="0.074"/>
  <testcase classname="com.crm.qa.testcases.LoginPageTest" name="loginTest" time="14.622"/>
  <testcase classname="com.crm.qa.testcases.HomePageTest" name="verifyHomePageTitleTest" time="0.014"/>
  <testcase classname="com.crm.qa.testcases.HomePageTest" name="homePageLogoTest" time="1.973"/>
  <testcase classname="com.crm.qa.testcases.HomePageTest" name="verifyUserNameTest" time="1.878"/>
  <testcase classname="com.crm.qa.testcases.HomePageTest" name="verifyContactsLinkTest" time="2.422"/>
  <testcase classname="com.crm.qa.testcases.ContactsPageTest" name="verifyContactsPageLabel" time="0.069"/>
  <testcase classname="com.crm.qa.testcases.ContactsPageTest" name="verifyLabelNameTest" time="0.889">
    <failure type="java.lang.AssertionError" message="expected [Prachi Dhanotiya123] but found [Prachi Dhanotiya]">
      <![CDATA[java.lang.AssertionError: expected [Prachi Dhanotiya123] but found [Prachi Dhanotiya]
at com.crm.qa.testcases.ContactsPageTest.verifyLabelNameTest(ContactsPageTest.java:46)
at java.base/java.util.ArrayList.forEach(ArrayList.java:1511)
... Removed 33 stack frames]]>
    </failure>
  </testcase> <!-- verifyLabelNameTest -->
</testsuite> <!-- FREE CRP App Test Cases -->
